#
# There is insufficient memory for the Java Runtime Environment to continue.
# Native memory allocation (mmap) failed to map 1572864 bytes for G1 virtual space
# Possible reasons:
#   The system is out of physical RAM or swap space
#   The process is running with CompressedOops enabled, and the Java Heap may be blocking the growth of the native heap
# Possible solutions:
#   Reduce memory load on the system
#   Increase physical memory or swap space
#   Check if swap backing store is full
#   Decrease Java heap size (-Xmx/-Xms)
#   Decrease number of Java threads
#   Decrease Java thread stack sizes (-Xss)
#   Set larger code cache with -XX:ReservedCodeCacheSize=
#   JVM is running with Unscaled Compressed Oops mode in which the Java heap is
#     placed in the first 4GB address space. The Java Heap base address is the
#     maximum limit for the native heap growth. Please use -XX:HeapBaseMinAddress
#     to set the Java Heap base and to place the Java Heap above 4GB virtual address.
# This output file may be truncated or incomplete.
#
#  Out of Memory Error (./open/src/hotspot/os/windows/os_windows.cpp:3472), pid=14076, tid=14028
#
# JRE version:  (15.0.1+9) (build )
# Java VM: OpenJDK 64-Bit Server VM (15.0.1+9-18, mixed mode, sharing, tiered, compressed oops, g1 gc, windows-amd64)
# No core dump will be written. Minidumps are not enabled by default on client versions of Windows
#

---------------  S U M M A R Y ------------

Command Line: -Dfile.encoding=Cp1252 -XX:+ShowCodeDetailsInExceptionMessages number.ternaryForBigof3Num

Host: AMD Ryzen 5 3500U with Radeon Vega Mobile Gfx  , 8 cores, 5G,  Windows 10 , 64 bit Build 17763 (10.0.17763.1)
Time: Mon Feb  1 19:55:01 2021 India Standard Time elapsed time: 0.015862 seconds (0d 0h 0m 0s)

---------------  T H R E A D  ---------------

Current thread (0x0000017e87353d10):  JavaThread "Unknown thread" [_thread_in_vm, id=14028, stack(0x0000006b36100000,0x0000006b36200000)]

Stack: [0x0000006b36100000,0x0000006b36200000]
Native frames: (J=compiled Java code, j=interpreted, Vv=VM code, C=native code)
V  [jvm.dll+0x62ae9a]
V  [jvm.dll+0x781389]
V  [jvm.dll+0x782ae3]
V  [jvm.dll+0x783143]
V  [jvm.dll+0x216265]
V  [jvm.dll+0x6281d9]
V  [jvm.dll+0x61cd15]
V  [jvm.dll+0x2d01fd]
V  [jvm.dll+0x2d0062]
V  [jvm.dll+0x2d603c]
V  [jvm.dll+0x325b53]
V  [jvm.dll+0x3251f4]
V  [jvm.dll+0x2a717a]
V  [jvm.dll+0x2a8318]
V  [jvm.dll+0x75e101]
V  [jvm.dll+0x3343e4]
V  [jvm.dll+0x73e826]
V  [jvm.dll+0x3b7777]
V  [jvm.dll+0x3b9201]
C  [jli.dll+0x52fb]
C  [ucrtbase.dll+0x203ba]
C  [KERNEL32.DLL+0x17e94]
C  [ntdll.dll+0x31af1]


---------------  P R O C E S S  ---------------

Threads class SMR info:
_java_thread_list=0x00007fffcda94ff0, length=0, elements={
}

Java Threads: ( => current thread )

Other Threads:
  0x0000017e8738c3a0 GCTaskThread "GC Thread#0" [stack: 0x0000006b36200000,0x0000006b36300000] [id=1252]
  0x0000017e8739aed0 ConcurrentGCThread "G1 Main Marker" [stack: 0x0000006b36300000,0x0000006b36400000] [id=15048]
  0x0000017e8739c960 ConcurrentGCThread "G1 Conc#0" [stack: 0x0000006b36400000,0x0000006b36500000] [id=13680]

[error occurred during error reporting (printing all threads), id 0xc0000005, EXCEPTION_ACCESS_VIOLATION (0xc0000005) at pc=0x00007fffcd288047]

VM state: not at safepoint (not fully initialized)

VM Mutex/Monitor currently owned by a thread:  ([mutex/lock_event])
[0x0000017e87350f50] Heap_lock - owner thread: 0x0000017e87353d10

Heap address: 0x00000000a0c00000, size: 1524 MB, Compressed Oops mode: 32-bit
CDS archive(s) mapped at: [0x0000000000000000-0x0000000000000000-0x0000000000000000), size 0, SharedBaseAddress: 0x0000000800000000, ArchiveRelocationMode: 0.
Narrow klass base: 0x0000000000000000, Narrow klass shift: 0, Narrow klass range: 0x0

Heap:
 garbage-first heap   total 98304K, used 0K [0x00000000a0c00000, 0x0000000100000000)
  region size 1024K, 0 young (0K), 0 survivors (0K)
 Metaspace       used 0K, capacity 0K, committed 0K, reserved 0K
  class space    used 0K, capacity 0K, committed 0K, reserved 0K

Heap Regions: E=young(eden), S=young(survivor), O=old, HS=humongous(starts), HC=humongous(continues), CS=collection set, F=free, OA=open archive, CA=closed archive, TAMS=top-at-mark-start (previous, next)

Card table byte_map: [0x0000017e9a390000,0x0000017e9a690000] _byte_map_base: 0x0000017e99e8a000

Marking Bits (Prev, Next): (CMBitMap*) 0x0000017e8738ca20, (CMBitMap*) 0x0000017e8738ca60
 Prev Bits: [0x0000017e9a990000, 0x0000017e9c160000)
 Next Bits: [0x0000017e9c160000, 0x0000017e9d930000)

GC Heap History (0 events):
No events

Deoptimization events (0 events):
No events

Classes unloaded (0 events):
No events

Classes redefined (0 events):
No events

Internal exceptions (0 events):
No events

Events (1 events):
Event: 0.008 Loaded shared library C:\Users\venu1\.p2\pool\plugins\org.eclipse.justj.openjdk.hotspot.jre.full.win32.x86_64_15.0.1.v20201027-0507\jre\bin\java.dll


Dynamic libraries:
0x00007ff740810000 - 0x00007ff74081d000 	C:\Users\venu1\.p2\pool\plugins\org.eclipse.justj.openjdk.hotspot.jre.full.win32.x86_64_15.0.1.v20201027-0507\jre\bin\javaw.exe
0x00007ff8006c0000 - 0x00007ff8008ad000 	C:\Windows\SYSTEM32\ntdll.dll
0x00007fffff540000 - 0x00007fffff5f3000 	C:\Windows\System32\KERNEL32.DLL
0x00007ffffd3e0000 - 0x00007ffffd673000 	C:\Windows\System32\KERNELBASE.dll
0x00007ffffcfd0000 - 0x00007ffffd0cc000 	C:\Windows\System32\ucrtbase.dll
0x00007fffedb80000 - 0x00007fffedb99000 	C:\Users\venu1\.p2\pool\plugins\org.eclipse.justj.openjdk.hotspot.jre.full.win32.x86_64_15.0.1.v20201027-0507\jre\bin\VCRUNTIME140.dll
0x00007fffedba0000 - 0x00007fffedbb8000 	C:\Users\venu1\.p2\pool\plugins\org.eclipse.justj.openjdk.hotspot.jre.full.win32.x86_64_15.0.1.v20201027-0507\jre\bin\jli.dll
0x00007ffffdca0000 - 0x00007ffffde37000 	C:\Windows\System32\USER32.dll
0x00007ffffcf10000 - 0x00007ffffcf30000 	C:\Windows\System32\win32u.dll
0x00007fffe7010000 - 0x00007fffe7289000 	C:\Windows\WinSxS\amd64_microsoft.windows.common-controls_6595b64144ccf1df_6.0.17763.168_none_05b737f6071d80ab\COMCTL32.dll
0x00007ffffd8d0000 - 0x00007ffffd96e000 	C:\Windows\System32\msvcrt.dll
0x00007ff800010000 - 0x00007ff800039000 	C:\Windows\System32\GDI32.dll
0x00007fffff840000 - 0x00007fffffb6d000 	C:\Windows\System32\combase.dll
0x00007ffffd680000 - 0x00007ffffd81a000 	C:\Windows\System32\gdi32full.dll
0x00007ffffdb10000 - 0x00007ffffdc33000 	C:\Windows\System32\RPCRT4.dll
0x00007ffffcf30000 - 0x00007ffffcfd0000 	C:\Windows\System32\msvcp_win.dll
0x00007ffffd820000 - 0x00007ffffd89e000 	C:\Windows\System32\bcryptPrimitives.dll
0x00007ffffd970000 - 0x00007ffffd99e000 	C:\Windows\System32\IMM32.DLL
0x00007ffff9aa0000 - 0x00007ffff9aac000 	C:\Users\venu1\.p2\pool\plugins\org.eclipse.justj.openjdk.hotspot.jre.full.win32.x86_64_15.0.1.v20201027-0507\jre\bin\vcruntime140_1.dll
0x00007fffe72f0000 - 0x00007fffe7381000 	C:\Users\venu1\.p2\pool\plugins\org.eclipse.justj.openjdk.hotspot.jre.full.win32.x86_64_15.0.1.v20201027-0507\jre\bin\msvcp140.dll
0x00007fffccfd0000 - 0x00007fffcdb2e000 	C:\Users\venu1\.p2\pool\plugins\org.eclipse.justj.openjdk.hotspot.jre.full.win32.x86_64_15.0.1.v20201027-0507\jre\bin\server\jvm.dll
0x00007ff800180000 - 0x00007ff800223000 	C:\Windows\System32\ADVAPI32.dll
0x00007fffff670000 - 0x00007fffff70e000 	C:\Windows\System32\sechost.dll
0x00007ff800040000 - 0x00007ff800048000 	C:\Windows\System32\PSAPI.DLL
0x00007ffff9eb0000 - 0x00007ffff9ed4000 	C:\Windows\SYSTEM32\WINMM.dll
0x00007ffff9d20000 - 0x00007ffff9d29000 	C:\Windows\SYSTEM32\WSOCK32.dll
0x00007ffff7200000 - 0x00007ffff720a000 	C:\Windows\SYSTEM32\VERSION.dll
0x00007fffff600000 - 0x00007fffff66d000 	C:\Windows\System32\WS2_32.dll
0x00007ffff9e80000 - 0x00007ffff9ead000 	C:\Windows\SYSTEM32\winmmbase.dll
0x00007ffffcec0000 - 0x00007ffffcf0a000 	C:\Windows\System32\cfgmgr32.dll
0x00007ffffc730000 - 0x00007ffffc741000 	C:\Windows\System32\kernel.appcore.dll
0x00007ffff99d0000 - 0x00007ffff99da000 	C:\Users\venu1\.p2\pool\plugins\org.eclipse.justj.openjdk.hotspot.jre.full.win32.x86_64_15.0.1.v20201027-0507\jre\bin\jimage.dll
0x00007ffffaeb0000 - 0x00007ffffb09d000 	C:\Windows\SYSTEM32\DBGHELP.DLL
0x00007fffe9c40000 - 0x00007fffe9c6a000 	C:\Windows\SYSTEM32\dbgcore.DLL
0x00007ffff3a80000 - 0x00007ffff3aa5000 	C:\Users\venu1\.p2\pool\plugins\org.eclipse.justj.openjdk.hotspot.jre.full.win32.x86_64_15.0.1.v20201027-0507\jre\bin\java.dll

dbghelp: loaded successfully - version: 4.0.5 - missing functions: none
symbol engine: initialized successfully - sym options: 0x614 - pdb path: .;C:\Users\venu1\.p2\pool\plugins\org.eclipse.justj.openjdk.hotspot.jre.full.win32.x86_64_15.0.1.v20201027-0507\jre\bin;C:\Windows\SYSTEM32;C:\Windows\WinSxS\amd64_microsoft.windows.common-controls_6595b64144ccf1df_6.0.17763.168_none_05b737f6071d80ab;C:\Users\venu1\.p2\pool\plugins\org.eclipse.justj.openjdk.hotspot.jre.full.win32.x86_64_15.0.1.v20201027-0507\jre\bin\server

VM Arguments:
jvm_args: -Dfile.encoding=Cp1252 -XX:+ShowCodeDetailsInExceptionMessages 
java_command: number.ternaryForBigof3Num
java_class_path (initial): C:\Users\venu1\eclipse-workspace\number\bin
Launcher Type: SUN_STANDARD

[Global flags]
     intx CICompilerCount                          = 4                                         {product} {ergonomic}
     uint ConcGCThreads                            = 2                                         {product} {ergonomic}
     uint G1ConcRefinementThreads                  = 8                                         {product} {ergonomic}
   size_t G1HeapRegionSize                         = 1048576                                   {product} {ergonomic}
    uintx GCDrainStackTargetSize                   = 64                                        {product} {ergonomic}
   size_t InitialHeapSize                          = 100663296                                 {product} {ergonomic}
   size_t MarkStackSize                            = 4194304                                   {product} {ergonomic}
   size_t MaxHeapSize                              = 1598029824                                {product} {ergonomic}
   size_t MinHeapDeltaBytes                        = 1048576                                   {product} {ergonomic}
   size_t MinHeapSize                              = 8388608                                   {product} {ergonomic}
    uintx NonNMethodCodeHeapSize                   = 5839372                                {pd product} {ergonomic}
    uintx NonProfiledCodeHeapSize                  = 122909434                              {pd product} {ergonomic}
    uintx ProfiledCodeHeapSize                     = 122909434                              {pd product} {ergonomic}
    uintx ReservedCodeCacheSize                    = 251658240                              {pd product} {ergonomic}
     bool SegmentedCodeCache                       = true                                      {product} {ergonomic}
     bool ShowCodeDetailsInExceptionMessages       = true                                   {manageable} {command line}
   size_t SoftMaxHeapSize                          = 1598029824                             {manageable} {ergonomic}
     bool UseCompressedClassPointers               = true                                 {lp64_product} {ergonomic}
     bool UseCompressedOops                        = true                                 {lp64_product} {ergonomic}
     bool UseG1GC                                  = true                                      {product} {ergonomic}
     bool UseLargePagesIndividualAllocation        = false                                  {pd product} {ergonomic}

Logging:
Log output configuration:
 #0: stdout all=warning uptime,level,tags
 #1: stderr all=off uptime,level,tags

Environment Variables:
PATH=C:/Users/venu1/.p2/pool/plugins/org.eclipse.justj.openjdk.hotspot.jre.full.win32.x86_64_15.0.1.v20201027-0507/jre/bin/server;C:/Users/venu1/.p2/pool/plugins/org.eclipse.justj.openjdk.hotspot.jre.full.win32.x86_64_15.0.1.v20201027-0507/jre/bin;C:\Program Files (x86)\Common Files\Oracle\Java\javapath;C:\Windows\system32;C:\Windows;C:\Windows\System32\Wbem;C:\Windows\System32\WindowsPowerShell\v1.0\;C:\Windows\System32\OpenSSH\;C:\Program Files\Intel\WiFi\bin\;C:\Program Files\Common Files\Intel\WirelessCommon\;C:\Program Files\nodejs\;C:\MinGW\bin;C:\Program Files\Git\cmd;C:\Program Files (x86)\PuTTY\;C:\Program Files\MySQL\MySQL Shell 8.0\bin\;C:\Users\venu1\Desktop;
USERNAME=venu1
OS=Windows_NT
PROCESSOR_IDENTIFIER=AMD64 Family 23 Model 24 Stepping 1, AuthenticAMD



---------------  S Y S T E M  ---------------

OS:
 Windows 10 , 64 bit Build 17763 (10.0.17763.1)
OS uptime: 0 days 9:27 hours

CPU: total 8 (initial active 8) (8 cores per cpu, 2 threads per core) family 23 model 24 stepping 1 microcode 0x0, cmov, cx8, fxsr, mmx, sse, sse2, sse3, ssse3, sse4.1, sse4.2, popcnt, vzeroupper, avx, avx2, aes, clmul, 3dnowpref, lzcnt, sse4a, ht, tsc, tscinvbit, tscinv, bmi1, bmi2, adx, sha, fma, clflush, clflushopt

Memory: 4k page, system-wide physical 6091M (1265M free)
TotalPageFile size 6091M (AvailPageFile size 6M)
current process WorkingSet (physical memory assigned to process): 10M, peak: 10M
current process commit charge ("private bytes"): 157M, peak: 159M

vm_info: OpenJDK 64-Bit Server VM (15.0.1+9-18) for windows-amd64 JRE (15.0.1+9-18), built on Sep 15 2020 14:39:31 by "mach5one" with unknown MS VC++:1925

END.
